<?xml version="1.0" encoding="UTF-8"?>
<!-- Generated by org.testng.reporters.JUnitReportReporter -->
<testsuite hostname="Shree" failures="0" tests="2" name="pageElements.URL" time="9.760" errors="0" timestamp="2024-02-05T14:53:59 IST" skipped="0">
  <testcase classname="pageElements.URL" name="validateUrl" time="0.719"/>
  <system-out/>
  <testcase classname="pageElements.URL" name="invalidUrl" time="9.041"/>
  <system-out/>
</testsuite> <!-- pageElements.URL -->
